<?xml version="1.0" encoding="UTF-8"?>
<testng-results skipped="0" failed="0" ignored="0" total="1" passed="1">
  <reporter-output>
  </reporter-output>
  <suite name="Default suite" duration-ms="826" started-at="2019-02-03T05:09:06Z" finished-at="2019-02-03T05:09:07Z">
    <groups>
    </groups>
    <test name="Default test" duration-ms="826" started-at="2019-02-03T05:09:06Z" finished-at="2019-02-03T05:09:07Z">
      <class name="com.pdfReader.PdfReaderTest">
        <test-method status="PASS" signature="readerPdfTest()[pri:0, instance:com.pdfReader.PdfReaderTest@1593948d]" name="readerPdfTest" duration-ms="797" started-at="2019-02-03T05:09:06Z" finished-at="2019-02-03T05:09:07Z">
          <reporter-output>
          </reporter-output>
        </test-method> <!-- readerPdfTest -->
      </class> <!-- com.pdfReader.PdfReaderTest -->
    </test> <!-- Default test -->
  </suite> <!-- Default suite -->
</testng-results>
